INFO 2026-04-16 11:56:57,905 hit/miss_cache logger utils.py (line 22) get_product Get product from bd (cache_miss)
INFO 2026-04-16 11:58:44,551 hit/miss_cache logger views.py (line 77) get Get product list from bd (cache_miss)
INFO 2026-04-16 11:59:11,520 hit/miss_cache logger utils.py (line 19) get_product Get product 9 from cache (cache_hit)
INFO 2026-04-16 11:59:27,959 hit/miss_cache logger utils.py (line 19) get_product Get product 9 from cache (cache_hit)
INFO 2026-04-16 12:00:12,654 hit/miss_cache logger views.py (line 196) get Get categories list from bd (cache_miss)
INFO 2026-04-16 12:01:54,636 hit/miss_cache logger views.py (line 81) get Get product list from cache (cache_hit)
INFO 2026-04-16 17:31:13,266 hit/miss_cache logger utils.py (line 22) get_product Get product from bd (cache_miss)
INFO 2026-04-16 17:31:23,988 hit/miss_cache logger utils.py (line 22) get_product Get product from bd (cache_miss)
INFO 2026-04-16 17:32:03,026 hit/miss_cache logger utils.py (line 22) get_product Get product from bd (cache_miss)
INFO 2026-04-16 17:32:14,012 hit/miss_cache logger utils.py (line 22) get_product Get product from bd (cache_miss)
INFO 2026-04-16 17:34:14,074 hit/miss_cache logger utils.py (line 22) get_product Get product from bd (cache_miss)
INFO 2026-04-16 17:38:47,534 hit/miss_cache logger utils.py (line 22) get_product Get product from bd (cache_miss)
INFO 2026-04-16 17:38:54,446 hit/miss_cache logger utils.py (line 22) get_product Get product from bd (cache_miss)
INFO 2026-04-16 17:39:11,219 hit/miss_cache logger utils.py (line 22) get_product Get product from bd (cache_miss)
INFO 2026-04-16 17:39:39,558 hit/miss_cache logger utils.py (line 22) get_product Get product from bd (cache_miss)
INFO 2026-04-16 17:42:01,996 hit/miss_cache logger utils.py (line 22) get_product Get product from bd (cache_miss)
INFO 2026-04-16 20:02:40,682 hit/miss_cache logger utils.py (line 22) get_product Get product from bd (cache_miss)
INFO 2026-04-16 20:04:03,248 hit/miss_cache logger utils.py (line 22) get_product Get product from bd (cache_miss)
INFO 2026-04-16 20:09:26,606 hit/miss_cache logger utils.py (line 22) get_product Get product from bd (cache_miss)
INFO 2026-04-16 20:12:24,069 hit/miss_cache logger utils.py (line 22) get_product Get product from bd (cache_miss)
INFO 2026-04-16 20:12:58,819 hit/miss_cache logger utils.py (line 22) get_product Get product from bd (cache_miss)
INFO 2026-04-16 20:31:43,586 hit/miss_cache logger views.py (line 215) get Get categories list from bd (cache_miss)
INFO 2026-04-16 21:29:39,198 hit/miss_cache logger views.py (line 83) get Get product list from bd (cache_miss)
INFO 2026-04-16 23:22:30,671 hit/miss_cache logger views.py (line 83) get Get product list from bd (cache_miss)
INFO 2026-04-16 23:34:48,284 hit/miss_cache logger views.py (line 83) get Get product list from bd (cache_miss)
INFO 2026-04-16 23:34:49,907 hit/miss_cache logger views.py (line 83) get Get product list from bd (cache_miss)
INFO 2026-04-16 23:34:57,319 hit/miss_cache logger utils.py (line 22) get_product Get product from bd (cache_miss)
INFO 2026-04-16 23:35:01,058 hit/miss_cache logger utils.py (line 22) get_product Get product from bd (cache_miss)
INFO 2026-04-16 23:41:34,265 hit/miss_cache logger views.py (line 83) get Get product list from bd (cache_miss)
INFO 2026-04-16 23:41:35,911 hit/miss_cache logger views.py (line 83) get Get product list from bd (cache_miss)
INFO 2026-04-16 23:41:40,849 hit/miss_cache logger utils.py (line 22) get_product Get product from bd (cache_miss)
INFO 2026-04-16 23:41:42,757 hit/miss_cache logger utils.py (line 22) get_product Get product from bd (cache_miss)
INFO 2026-04-16 23:41:44,385 hit/miss_cache logger utils.py (line 22) get_product Get product from bd (cache_miss)
INFO 2026-04-16 23:41:45,992 hit/miss_cache logger utils.py (line 22) get_product Get product from bd (cache_miss)
INFO 2026-04-16 23:46:54,097 hit/miss_cache logger views.py (line 83) get Get product list from bd (cache_miss)
INFO 2026-04-16 23:46:55,705 hit/miss_cache logger views.py (line 83) get Get product list from bd (cache_miss)
INFO 2026-04-16 23:47:00,565 hit/miss_cache logger utils.py (line 22) get_product Get product from bd (cache_miss)
INFO 2026-04-16 23:47:02,462 hit/miss_cache logger utils.py (line 22) get_product Get product from bd (cache_miss)
INFO 2026-04-16 23:47:04,046 hit/miss_cache logger utils.py (line 22) get_product Get product from bd (cache_miss)
INFO 2026-04-16 23:47:05,649 hit/miss_cache logger utils.py (line 22) get_product Get product from bd (cache_miss)
INFO 2026-04-17 00:03:02,739 hit/miss_cache logger views.py (line 83) get Get product list from bd (cache_miss)
INFO 2026-04-17 00:03:04,290 hit/miss_cache logger views.py (line 83) get Get product list from bd (cache_miss)
INFO 2026-04-17 00:03:08,308 hit/miss_cache logger utils.py (line 22) get_product Get product from bd (cache_miss)
INFO 2026-04-17 00:03:09,839 hit/miss_cache logger utils.py (line 22) get_product Get product from bd (cache_miss)
INFO 2026-04-17 00:03:10,609 hit/miss_cache logger utils.py (line 22) get_product Get product from bd (cache_miss)
INFO 2026-04-17 00:03:12,410 hit/miss_cache logger utils.py (line 22) get_product Get product from bd (cache_miss)
INFO 2026-04-17 00:04:58,814 hit/miss_cache logger views.py (line 83) get Get product list from bd (cache_miss)
INFO 2026-04-17 00:05:00,399 hit/miss_cache logger views.py (line 83) get Get product list from bd (cache_miss)
INFO 2026-04-17 00:05:04,374 hit/miss_cache logger utils.py (line 22) get_product Get product from bd (cache_miss)
INFO 2026-04-17 00:05:05,915 hit/miss_cache logger utils.py (line 22) get_product Get product from bd (cache_miss)
INFO 2026-04-17 00:05:06,703 hit/miss_cache logger utils.py (line 22) get_product Get product from bd (cache_miss)
INFO 2026-04-17 00:05:08,228 hit/miss_cache logger utils.py (line 22) get_product Get product from bd (cache_miss)
INFO 2026-04-17 00:19:50,510 hit/miss_cache logger views.py (line 224) get Get categories list from bd (cache_miss)
INFO 2026-04-17 00:19:51,547 hit/miss_cache logger views.py (line 224) get Get categories list from bd (cache_miss)
INFO 2026-04-17 00:19:58,812 hit/miss_cache logger utils.py (line 38) get_category Get category from bd (cache_miss)
INFO 2026-04-17 00:20:00,511 hit/miss_cache logger utils.py (line 38) get_category Get category from bd (cache_miss)
INFO 2026-04-17 00:23:33,657 hit/miss_cache logger views.py (line 224) get Get categories list from bd (cache_miss)
INFO 2026-04-17 00:23:34,739 hit/miss_cache logger views.py (line 224) get Get categories list from bd (cache_miss)
INFO 2026-04-17 00:23:39,760 hit/miss_cache logger utils.py (line 38) get_category Get category from bd (cache_miss)
INFO 2026-04-17 00:23:40,584 hit/miss_cache logger utils.py (line 38) get_category Get category from bd (cache_miss)
INFO 2026-04-17 00:23:42,255 hit/miss_cache logger utils.py (line 38) get_category Get category from bd (cache_miss)
INFO 2026-04-17 00:23:43,890 hit/miss_cache logger utils.py (line 38) get_category Get category from bd (cache_miss)
INFO 2026-04-17 00:29:14,869 hit/miss_cache logger utils.py (line 22) get_product Get product from bd (cache_miss)
INFO 2026-04-17 00:29:17,659 hit/miss_cache logger utils.py (line 22) get_product Get product from bd (cache_miss)
INFO 2026-04-17 00:29:22,066 hit/miss_cache logger utils.py (line 22) get_product Get product from bd (cache_miss)
INFO 2026-04-17 00:33:15,862 hit/miss_cache logger utils.py (line 22) get_product Get product from bd (cache_miss)
INFO 2026-04-17 00:33:18,707 hit/miss_cache logger utils.py (line 22) get_product Get product from bd (cache_miss)
INFO 2026-04-17 00:33:21,380 hit/miss_cache logger utils.py (line 22) get_product Get product from bd (cache_miss)
INFO 2026-04-17 00:33:23,791 hit/miss_cache logger utils.py (line 22) get_product Get product from bd (cache_miss)
INFO 2026-04-17 00:33:26,142 hit/miss_cache logger utils.py (line 22) get_product Get product from bd (cache_miss)
INFO 2026-04-17 00:33:27,854 hit/miss_cache logger utils.py (line 22) get_product Get product from bd (cache_miss)
INFO 2026-04-17 00:33:29,541 hit/miss_cache logger utils.py (line 22) get_product Get product from bd (cache_miss)
INFO 2026-04-17 00:33:32,059 hit/miss_cache logger utils.py (line 22) get_product Get product from bd (cache_miss)
INFO 2026-04-17 00:38:05,317 hit/miss_cache logger utils.py (line 22) get_product Get product from bd (cache_miss)
INFO 2026-04-17 00:38:08,111 hit/miss_cache logger utils.py (line 22) get_product Get product from bd (cache_miss)
INFO 2026-04-17 00:38:12,022 hit/miss_cache logger utils.py (line 22) get_product Get product from bd (cache_miss)
INFO 2026-04-17 00:38:14,315 hit/miss_cache logger utils.py (line 22) get_product Get product from bd (cache_miss)
INFO 2026-04-17 00:38:16,619 hit/miss_cache logger utils.py (line 22) get_product Get product from bd (cache_miss)
INFO 2026-04-17 00:38:18,238 hit/miss_cache logger utils.py (line 22) get_product Get product from bd (cache_miss)
INFO 2026-04-17 00:38:19,875 hit/miss_cache logger utils.py (line 22) get_product Get product from bd (cache_miss)
INFO 2026-04-17 00:38:21,523 hit/miss_cache logger utils.py (line 22) get_product Get product from bd (cache_miss)
INFO 2026-04-17 00:46:57,961 hit/miss_cache logger utils.py (line 22) get_product Get product from bd (cache_miss)
INFO 2026-04-17 00:47:00,584 hit/miss_cache logger utils.py (line 22) get_product Get product from bd (cache_miss)
INFO 2026-04-17 00:47:04,179 hit/miss_cache logger utils.py (line 22) get_product Get product from bd (cache_miss)
INFO 2026-04-17 00:47:06,254 hit/miss_cache logger utils.py (line 22) get_product Get product from bd (cache_miss)
INFO 2026-04-17 00:47:08,345 hit/miss_cache logger utils.py (line 22) get_product Get product from bd (cache_miss)
INFO 2026-04-17 00:47:09,894 hit/miss_cache logger utils.py (line 22) get_product Get product from bd (cache_miss)
INFO 2026-04-17 00:47:11,466 hit/miss_cache logger utils.py (line 22) get_product Get product from bd (cache_miss)
INFO 2026-04-17 00:47:13,013 hit/miss_cache logger utils.py (line 22) get_product Get product from bd (cache_miss)
INFO 2026-04-17 04:10:06,640 hit/miss_cache logger utils.py (line 22) get_product Get product from bd (cache_miss)
INFO 2026-04-17 04:10:08,480 hit/miss_cache logger utils.py (line 22) get_product Get product from bd (cache_miss)
INFO 2026-04-17 04:10:12,231 hit/miss_cache logger utils.py (line 22) get_product Get product from bd (cache_miss)
INFO 2026-04-17 04:10:14,372 hit/miss_cache logger utils.py (line 22) get_product Get product from bd (cache_miss)
INFO 2026-04-17 04:10:16,398 hit/miss_cache logger utils.py (line 22) get_product Get product from bd (cache_miss)
INFO 2026-04-17 04:10:17,882 hit/miss_cache logger utils.py (line 22) get_product Get product from bd (cache_miss)
INFO 2026-04-17 04:10:19,373 hit/miss_cache logger utils.py (line 22) get_product Get product from bd (cache_miss)
INFO 2026-04-17 04:10:20,878 hit/miss_cache logger utils.py (line 22) get_product Get product from bd (cache_miss)
INFO 2026-04-17 04:15:58,213 hit/miss_cache logger views.py (line 84) get Get product list from bd (cache_miss)
INFO 2026-04-17 04:15:59,910 hit/miss_cache logger views.py (line 84) get Get product list from bd (cache_miss)
INFO 2026-04-17 04:16:04,166 hit/miss_cache logger utils.py (line 22) get_product Get product from bd (cache_miss)
INFO 2026-04-17 04:16:05,793 hit/miss_cache logger utils.py (line 22) get_product Get product from bd (cache_miss)
INFO 2026-04-17 04:16:06,657 hit/miss_cache logger utils.py (line 22) get_product Get product from bd (cache_miss)
INFO 2026-04-17 04:16:08,374 hit/miss_cache logger utils.py (line 22) get_product Get product from bd (cache_miss)
INFO 2026-04-17 04:21:14,065 hit/miss_cache logger utils.py (line 22) get_product Get product from bd (cache_miss)
INFO 2026-04-17 04:21:15,939 hit/miss_cache logger utils.py (line 22) get_product Get product from bd (cache_miss)
INFO 2026-04-17 04:21:19,713 hit/miss_cache logger utils.py (line 22) get_product Get product from bd (cache_miss)
INFO 2026-04-17 04:21:21,898 hit/miss_cache logger utils.py (line 22) get_product Get product from bd (cache_miss)
INFO 2026-04-17 04:21:24,100 hit/miss_cache logger utils.py (line 22) get_product Get product from bd (cache_miss)
INFO 2026-04-17 04:21:25,700 hit/miss_cache logger utils.py (line 22) get_product Get product from bd (cache_miss)
INFO 2026-04-17 04:21:27,300 hit/miss_cache logger utils.py (line 22) get_product Get product from bd (cache_miss)
INFO 2026-04-17 04:21:28,910 hit/miss_cache logger utils.py (line 22) get_product Get product from bd (cache_miss)
INFO 2026-04-17 05:17:07,059 hit/miss_cache logger utils.py (line 22) get_product Get product from bd (cache_miss)
INFO 2026-04-17 05:17:08,723 hit/miss_cache logger utils.py (line 22) get_product Get product from bd (cache_miss)
INFO 2026-04-17 05:17:09,563 hit/miss_cache logger utils.py (line 22) get_product Get product from bd (cache_miss)
INFO 2026-04-17 05:23:29,141 hit/miss_cache logger utils.py (line 22) get_product Get product from bd (cache_miss)
INFO 2026-04-17 05:23:30,756 hit/miss_cache logger utils.py (line 22) get_product Get product from bd (cache_miss)
INFO 2026-04-17 05:23:31,587 hit/miss_cache logger utils.py (line 22) get_product Get product from bd (cache_miss)
INFO 2026-04-17 12:24:17,487 hit/miss_cache logger utils.py (line 22) get_product Get product from bd (cache_miss)
INFO 2026-04-17 12:24:19,001 hit/miss_cache logger utils.py (line 22) get_product Get product from bd (cache_miss)
INFO 2026-04-17 12:29:48,495 hit/miss_cache logger utils.py (line 22) get_product Get product from bd (cache_miss)
INFO 2026-04-17 12:29:50,006 hit/miss_cache logger utils.py (line 22) get_product Get product from bd (cache_miss)
INFO 2026-04-17 12:32:15,797 hit/miss_cache logger utils.py (line 22) get_product Get product from bd (cache_miss)
INFO 2026-04-17 12:33:00,154 hit/miss_cache logger utils.py (line 22) get_product Get product from bd (cache_miss)
INFO 2026-04-17 12:33:32,703 hit/miss_cache logger utils.py (line 22) get_product Get product from bd (cache_miss)
INFO 2026-04-17 12:44:23,730 hit/miss_cache logger utils.py (line 22) get_product Get product from bd (cache_miss)
INFO 2026-04-17 12:44:38,787 hit/miss_cache logger utils.py (line 22) get_product Get product from bd (cache_miss)
INFO 2026-04-17 12:44:40,304 hit/miss_cache logger utils.py (line 22) get_product Get product from bd (cache_miss)
INFO 2026-04-17 12:44:41,067 hit/miss_cache logger utils.py (line 22) get_product Get product from bd (cache_miss)
INFO 2026-04-17 12:44:42,589 hit/miss_cache logger utils.py (line 22) get_product Get product from bd (cache_miss)
INFO 2026-04-17 12:44:44,870 hit/miss_cache logger utils.py (line 22) get_product Get product from bd (cache_miss)
INFO 2026-04-17 12:44:46,380 hit/miss_cache logger utils.py (line 22) get_product Get product from bd (cache_miss)
INFO 2026-04-17 12:44:49,446 hit/miss_cache logger utils.py (line 22) get_product Get product from bd (cache_miss)
INFO 2026-04-17 12:54:56,760 hit/miss_cache logger utils.py (line 22) get_product Get product from bd (cache_miss)
INFO 2026-04-17 12:54:58,349 hit/miss_cache logger utils.py (line 22) get_product Get product from bd (cache_miss)
INFO 2026-04-17 12:54:59,173 hit/miss_cache logger utils.py (line 22) get_product Get product from bd (cache_miss)
INFO 2026-04-17 12:55:00,919 hit/miss_cache logger utils.py (line 22) get_product Get product from bd (cache_miss)
INFO 2026-04-17 12:55:03,256 hit/miss_cache logger utils.py (line 22) get_product Get product from bd (cache_miss)
INFO 2026-04-17 12:55:04,811 hit/miss_cache logger utils.py (line 22) get_product Get product from bd (cache_miss)
INFO 2026-04-17 12:55:07,859 hit/miss_cache logger utils.py (line 22) get_product Get product from bd (cache_miss)
INFO 2026-04-17 13:19:28,832 hit/miss_cache logger utils.py (line 22) get_product Get product from bd (cache_miss)
INFO 2026-04-17 13:19:30,594 hit/miss_cache logger utils.py (line 22) get_product Get product from bd (cache_miss)
INFO 2026-04-17 13:19:31,490 hit/miss_cache logger utils.py (line 22) get_product Get product from bd (cache_miss)
INFO 2026-04-17 13:19:33,233 hit/miss_cache logger utils.py (line 22) get_product Get product from bd (cache_miss)
INFO 2026-04-17 13:19:35,875 hit/miss_cache logger utils.py (line 22) get_product Get product from bd (cache_miss)
INFO 2026-04-17 13:19:37,611 hit/miss_cache logger utils.py (line 22) get_product Get product from bd (cache_miss)
INFO 2026-04-17 13:19:41,531 hit/miss_cache logger utils.py (line 22) get_product Get product from bd (cache_miss)
INFO 2026-04-17 13:24:12,381 hit/miss_cache logger utils.py (line 22) get_product Get product from bd (cache_miss)
INFO 2026-04-17 13:24:14,164 hit/miss_cache logger utils.py (line 22) get_product Get product from bd (cache_miss)
INFO 2026-04-17 13:24:15,085 hit/miss_cache logger utils.py (line 22) get_product Get product from bd (cache_miss)
INFO 2026-04-17 13:24:16,839 hit/miss_cache logger utils.py (line 22) get_product Get product from bd (cache_miss)
INFO 2026-04-17 13:24:19,510 hit/miss_cache logger utils.py (line 22) get_product Get product from bd (cache_miss)
INFO 2026-04-17 13:24:21,282 hit/miss_cache logger utils.py (line 22) get_product Get product from bd (cache_miss)
INFO 2026-04-17 13:24:25,271 hit/miss_cache logger utils.py (line 22) get_product Get product from bd (cache_miss)
INFO 2026-04-17 13:26:11,220 hit/miss_cache logger utils.py (line 22) get_product Get product from bd (cache_miss)
INFO 2026-04-17 13:26:13,060 hit/miss_cache logger utils.py (line 22) get_product Get product from bd (cache_miss)
INFO 2026-04-17 13:26:13,953 hit/miss_cache logger utils.py (line 22) get_product Get product from bd (cache_miss)
INFO 2026-04-17 13:26:15,766 hit/miss_cache logger utils.py (line 22) get_product Get product from bd (cache_miss)
INFO 2026-04-17 13:26:18,466 hit/miss_cache logger utils.py (line 22) get_product Get product from bd (cache_miss)
INFO 2026-04-17 13:26:20,229 hit/miss_cache logger utils.py (line 22) get_product Get product from bd (cache_miss)
INFO 2026-04-17 13:26:23,742 hit/miss_cache logger utils.py (line 22) get_product Get product from bd (cache_miss)
INFO 2026-04-17 13:27:03,047 hit/miss_cache logger utils.py (line 22) get_product Get product from bd (cache_miss)
INFO 2026-04-17 13:27:04,808 hit/miss_cache logger utils.py (line 22) get_product Get product from bd (cache_miss)
INFO 2026-04-17 13:27:05,704 hit/miss_cache logger utils.py (line 22) get_product Get product from bd (cache_miss)
INFO 2026-04-17 13:27:07,502 hit/miss_cache logger utils.py (line 22) get_product Get product from bd (cache_miss)
INFO 2026-04-17 13:27:10,273 hit/miss_cache logger utils.py (line 22) get_product Get product from bd (cache_miss)
INFO 2026-04-17 13:27:12,118 hit/miss_cache logger utils.py (line 22) get_product Get product from bd (cache_miss)
INFO 2026-04-17 13:27:15,750 hit/miss_cache logger utils.py (line 22) get_product Get product from bd (cache_miss)
INFO 2026-04-17 13:33:08,278 hit/miss_cache logger utils.py (line 22) get_product Get product from bd (cache_miss)
INFO 2026-04-17 13:33:10,150 hit/miss_cache logger utils.py (line 22) get_product Get product from bd (cache_miss)
INFO 2026-04-17 13:33:11,070 hit/miss_cache logger utils.py (line 22) get_product Get product from bd (cache_miss)
INFO 2026-04-17 13:33:12,913 hit/miss_cache logger utils.py (line 22) get_product Get product from bd (cache_miss)
INFO 2026-04-17 13:33:15,630 hit/miss_cache logger utils.py (line 22) get_product Get product from bd (cache_miss)
INFO 2026-04-17 13:33:17,395 hit/miss_cache logger utils.py (line 22) get_product Get product from bd (cache_miss)
INFO 2026-04-17 13:34:31,760 hit/miss_cache logger utils.py (line 22) get_product Get product from bd (cache_miss)
INFO 2026-04-17 13:34:33,882 hit/miss_cache logger utils.py (line 22) get_product Get product from bd (cache_miss)
INFO 2026-04-17 13:34:38,089 hit/miss_cache logger utils.py (line 22) get_product Get product from bd (cache_miss)
INFO 2026-04-17 13:34:40,465 hit/miss_cache logger utils.py (line 22) get_product Get product from bd (cache_miss)
INFO 2026-04-17 13:34:42,879 hit/miss_cache logger utils.py (line 22) get_product Get product from bd (cache_miss)
INFO 2026-04-17 13:34:44,698 hit/miss_cache logger utils.py (line 22) get_product Get product from bd (cache_miss)
INFO 2026-04-17 13:34:46,457 hit/miss_cache logger utils.py (line 22) get_product Get product from bd (cache_miss)
INFO 2026-04-17 13:34:48,213 hit/miss_cache logger utils.py (line 22) get_product Get product from bd (cache_miss)
INFO 2026-04-17 13:41:44,952 hit/miss_cache logger utils.py (line 22) get_product Get product from bd (cache_miss)
INFO 2026-04-17 13:41:46,975 hit/miss_cache logger utils.py (line 22) get_product Get product from bd (cache_miss)
INFO 2026-04-17 13:41:48,764 hit/miss_cache logger utils.py (line 22) get_product Get product from bd (cache_miss)
INFO 2026-04-17 13:41:51,145 hit/miss_cache logger utils.py (line 22) get_product Get product from bd (cache_miss)
INFO 2026-04-17 13:41:52,875 hit/miss_cache logger utils.py (line 22) get_product Get product from bd (cache_miss)
INFO 2026-04-17 13:41:54,578 hit/miss_cache logger utils.py (line 22) get_product Get product from bd (cache_miss)
INFO 2026-04-17 13:41:56,309 hit/miss_cache logger utils.py (line 22) get_product Get product from bd (cache_miss)
INFO 2026-04-17 13:45:22,294 hit/miss_cache logger utils.py (line 22) get_product Get product from bd (cache_miss)
INFO 2026-04-17 13:45:24,415 hit/miss_cache logger utils.py (line 22) get_product Get product from bd (cache_miss)
INFO 2026-04-17 13:45:26,265 hit/miss_cache logger utils.py (line 22) get_product Get product from bd (cache_miss)
INFO 2026-04-17 13:45:28,657 hit/miss_cache logger utils.py (line 22) get_product Get product from bd (cache_miss)
INFO 2026-04-17 13:45:30,430 hit/miss_cache logger utils.py (line 22) get_product Get product from bd (cache_miss)
INFO 2026-04-17 13:45:32,346 hit/miss_cache logger utils.py (line 22) get_product Get product from bd (cache_miss)
INFO 2026-04-17 13:45:34,126 hit/miss_cache logger utils.py (line 22) get_product Get product from bd (cache_miss)
INFO 2026-04-17 13:48:04,496 hit/miss_cache logger utils.py (line 22) get_product Get product from bd (cache_miss)
INFO 2026-04-17 13:48:06,692 hit/miss_cache logger utils.py (line 22) get_product Get product from bd (cache_miss)
INFO 2026-04-17 13:48:08,708 hit/miss_cache logger utils.py (line 22) get_product Get product from bd (cache_miss)
INFO 2026-04-17 13:48:10,487 hit/miss_cache logger utils.py (line 22) get_product Get product from bd (cache_miss)
INFO 2026-04-17 13:48:12,253 hit/miss_cache logger utils.py (line 22) get_product Get product from bd (cache_miss)
INFO 2026-04-17 13:48:13,945 hit/miss_cache logger utils.py (line 22) get_product Get product from bd (cache_miss)
INFO 2026-04-17 13:48:15,705 hit/miss_cache logger utils.py (line 22) get_product Get product from bd (cache_miss)
INFO 2026-04-17 13:50:20,364 hit/miss_cache logger utils.py (line 22) get_product Get product from bd (cache_miss)
INFO 2026-04-17 13:50:22,493 hit/miss_cache logger utils.py (line 22) get_product Get product from bd (cache_miss)
INFO 2026-04-17 13:50:24,337 hit/miss_cache logger utils.py (line 22) get_product Get product from bd (cache_miss)
INFO 2026-04-17 13:50:26,120 hit/miss_cache logger utils.py (line 22) get_product Get product from bd (cache_miss)
INFO 2026-04-17 13:50:27,857 hit/miss_cache logger utils.py (line 22) get_product Get product from bd (cache_miss)
INFO 2026-04-17 13:50:29,572 hit/miss_cache logger utils.py (line 22) get_product Get product from bd (cache_miss)
INFO 2026-04-17 13:50:31,306 hit/miss_cache logger utils.py (line 22) get_product Get product from bd (cache_miss)
INFO 2026-04-17 13:53:48,519 hit/miss_cache logger utils.py (line 22) get_product Get product from bd (cache_miss)
INFO 2026-04-17 13:53:50,252 hit/miss_cache logger utils.py (line 22) get_product Get product from bd (cache_miss)
INFO 2026-04-17 13:53:52,015 hit/miss_cache logger utils.py (line 22) get_product Get product from bd (cache_miss)
INFO 2026-04-17 13:53:53,768 hit/miss_cache logger utils.py (line 22) get_product Get product from bd (cache_miss)
INFO 2026-04-17 13:53:55,465 hit/miss_cache logger utils.py (line 22) get_product Get product from bd (cache_miss)
INFO 2026-04-17 13:53:57,213 hit/miss_cache logger utils.py (line 22) get_product Get product from bd (cache_miss)
INFO 2026-04-17 13:53:58,908 hit/miss_cache logger utils.py (line 22) get_product Get product from bd (cache_miss)
INFO 2026-04-17 15:36:19,775 hit/miss_cache logger utils.py (line 22) get_product Get product from bd (cache_miss)
INFO 2026-04-17 15:36:21,332 hit/miss_cache logger utils.py (line 22) get_product Get product from bd (cache_miss)
INFO 2026-04-17 15:36:22,879 hit/miss_cache logger utils.py (line 22) get_product Get product from bd (cache_miss)
INFO 2026-04-17 15:36:23,669 hit/miss_cache logger utils.py (line 22) get_product Get product from bd (cache_miss)
INFO 2026-04-17 15:36:25,206 hit/miss_cache logger utils.py (line 22) get_product Get product from bd (cache_miss)
INFO 2026-04-17 15:36:25,979 hit/miss_cache logger utils.py (line 22) get_product Get product from bd (cache_miss)
INFO 2026-04-17 15:36:27,866 hit/miss_cache logger utils.py (line 22) get_product Get product from bd (cache_miss)
INFO 2026-04-17 15:41:03,834 hit/miss_cache logger utils.py (line 22) get_product Get product from bd (cache_miss)
INFO 2026-04-17 15:41:05,433 hit/miss_cache logger utils.py (line 22) get_product Get product from bd (cache_miss)
INFO 2026-04-17 15:41:07,011 hit/miss_cache logger utils.py (line 22) get_product Get product from bd (cache_miss)
INFO 2026-04-17 15:41:07,815 hit/miss_cache logger utils.py (line 22) get_product Get product from bd (cache_miss)
INFO 2026-04-17 15:41:09,384 hit/miss_cache logger utils.py (line 22) get_product Get product from bd (cache_miss)
INFO 2026-04-17 15:41:10,963 hit/miss_cache logger utils.py (line 22) get_product Get product from bd (cache_miss)
INFO 2026-04-17 15:46:24,816 hit/miss_cache logger utils.py (line 22) get_product Get product from bd (cache_miss)
INFO 2026-04-17 15:46:26,464 hit/miss_cache logger utils.py (line 22) get_product Get product from bd (cache_miss)
INFO 2026-04-17 15:46:28,115 hit/miss_cache logger utils.py (line 22) get_product Get product from bd (cache_miss)
INFO 2026-04-17 15:46:28,950 hit/miss_cache logger utils.py (line 22) get_product Get product from bd (cache_miss)
INFO 2026-04-17 15:46:30,571 hit/miss_cache logger utils.py (line 22) get_product Get product from bd (cache_miss)
INFO 2026-04-17 15:46:32,184 hit/miss_cache logger utils.py (line 22) get_product Get product from bd (cache_miss)
INFO 2026-04-17 16:17:39,231 hit/miss_cache logger utils.py (line 22) get_product Get product from bd (cache_miss)
INFO 2026-04-17 16:17:40,844 hit/miss_cache logger utils.py (line 22) get_product Get product from bd (cache_miss)
INFO 2026-04-17 16:17:42,407 hit/miss_cache logger utils.py (line 22) get_product Get product from bd (cache_miss)
INFO 2026-04-17 16:23:33,122 hit/miss_cache logger utils.py (line 22) get_product Get product from bd (cache_miss)
INFO 2026-04-17 16:23:34,801 hit/miss_cache logger utils.py (line 22) get_product Get product from bd (cache_miss)
INFO 2026-04-17 16:23:36,392 hit/miss_cache logger utils.py (line 22) get_product Get product from bd (cache_miss)
INFO 2026-04-17 16:23:40,732 hit/miss_cache logger utils.py (line 22) get_product Get product from bd (cache_miss)
INFO 2026-04-17 16:27:33,017 hit/miss_cache logger utils.py (line 22) get_product Get product from bd (cache_miss)
INFO 2026-04-17 16:27:34,720 hit/miss_cache logger utils.py (line 22) get_product Get product from bd (cache_miss)
INFO 2026-04-17 16:27:38,866 hit/miss_cache logger utils.py (line 22) get_product Get product from bd (cache_miss)
INFO 2026-04-17 16:28:05,827 hit/miss_cache logger utils.py (line 21) get_order Get order ą 1 from bd (cache_miss)
INFO 2026-04-17 16:52:24,866 hit/miss_cache logger utils.py (line 21) get_order Get order ą 1 from bd (cache_miss)
INFO 2026-04-17 16:52:26,714 hit/miss_cache logger utils.py (line 21) get_order Get order ą 2 from bd (cache_miss)
INFO 2026-04-17 16:55:38,654 hit/miss_cache logger utils.py (line 21) get_order Get order ą 1 from bd (cache_miss)
INFO 2026-04-17 16:55:40,586 hit/miss_cache logger utils.py (line 21) get_order Get order ą 2 from bd (cache_miss)
INFO 2026-04-17 17:02:22,163 hit/miss_cache logger utils.py (line 21) get_order Get order ą 1 from bd (cache_miss)
INFO 2026-04-17 17:02:24,140 hit/miss_cache logger utils.py (line 21) get_order Get order ą 2 from bd (cache_miss)
INFO 2026-04-17 17:03:27,835 hit/miss_cache logger utils.py (line 21) get_order Get order ą 1 from bd (cache_miss)
INFO 2026-04-17 17:03:29,518 hit/miss_cache logger utils.py (line 21) get_order Get order ą 2 from bd (cache_miss)
INFO 2026-04-17 17:08:44,152 hit/miss_cache logger utils.py (line 21) get_order Get order ą 1 from bd (cache_miss)
INFO 2026-04-17 17:08:47,114 hit/miss_cache logger utils.py (line 21) get_order Get order ą 2 from bd (cache_miss)
INFO 2026-04-17 17:08:49,730 hit/miss_cache logger utils.py (line 21) get_order Get order ą 3 from bd (cache_miss)
INFO 2026-04-17 17:08:52,401 hit/miss_cache logger utils.py (line 21) get_order Get order ą 4 from bd (cache_miss)
INFO 2026-04-17 17:12:16,643 hit/miss_cache logger utils.py (line 21) get_order Get order ą 1 from bd (cache_miss)
INFO 2026-04-17 17:12:19,770 hit/miss_cache logger utils.py (line 21) get_order Get order ą 2 from bd (cache_miss)
INFO 2026-04-17 17:12:22,388 hit/miss_cache logger utils.py (line 21) get_order Get order ą 3 from bd (cache_miss)
INFO 2026-04-17 17:12:25,412 hit/miss_cache logger utils.py (line 21) get_order Get order ą 4 from bd (cache_miss)
INFO 2026-04-17 17:14:14,999 hit/miss_cache logger utils.py (line 21) get_order Get order ą 1 from bd (cache_miss)
INFO 2026-04-17 17:14:18,201 hit/miss_cache logger utils.py (line 21) get_order Get order ą 2 from bd (cache_miss)
INFO 2026-04-17 17:14:20,869 hit/miss_cache logger utils.py (line 21) get_order Get order ą 3 from bd (cache_miss)
INFO 2026-04-17 17:14:23,748 hit/miss_cache logger utils.py (line 21) get_order Get order ą 4 from bd (cache_miss)
INFO 2026-04-17 17:16:14,441 hit/miss_cache logger utils.py (line 21) get_order Get order ą 1 from bd (cache_miss)
INFO 2026-04-17 17:16:17,411 hit/miss_cache logger utils.py (line 21) get_order Get order ą 2 from bd (cache_miss)
INFO 2026-04-17 17:16:19,948 hit/miss_cache logger utils.py (line 21) get_order Get order ą 3 from bd (cache_miss)
INFO 2026-04-17 17:16:22,505 hit/miss_cache logger utils.py (line 21) get_order Get order ą 4 from bd (cache_miss)
INFO 2026-04-17 17:17:49,388 hit/miss_cache logger utils.py (line 21) get_order Get order ą 1 from bd (cache_miss)
INFO 2026-04-17 17:20:46,544 hit/miss_cache logger utils.py (line 21) get_order Get order ą 1 from bd (cache_miss)
INFO 2026-04-17 17:20:49,408 hit/miss_cache logger utils.py (line 21) get_order Get order ą 2 from bd (cache_miss)
INFO 2026-04-17 17:20:51,938 hit/miss_cache logger utils.py (line 21) get_order Get order ą 3 from bd (cache_miss)
INFO 2026-04-17 17:20:54,487 hit/miss_cache logger utils.py (line 21) get_order Get order ą 4 from bd (cache_miss)
INFO 2026-04-17 17:22:45,445 hit/miss_cache logger utils.py (line 21) get_order Get order ą 1 from bd (cache_miss)
INFO 2026-04-17 17:22:48,530 hit/miss_cache logger utils.py (line 21) get_order Get order ą 2 from bd (cache_miss)
INFO 2026-04-17 17:22:51,305 hit/miss_cache logger utils.py (line 21) get_order Get order ą 3 from bd (cache_miss)
INFO 2026-04-17 17:22:54,885 hit/miss_cache logger utils.py (line 21) get_order Get order ą 4 from bd (cache_miss)
INFO 2026-04-17 17:25:12,546 hit/miss_cache logger utils.py (line 21) get_order Get order ą 1 from bd (cache_miss)
INFO 2026-04-17 17:25:15,076 hit/miss_cache logger utils.py (line 21) get_order Get order ą 2 from bd (cache_miss)
INFO 2026-04-17 17:25:17,568 hit/miss_cache logger utils.py (line 21) get_order Get order ą 3 from bd (cache_miss)
INFO 2026-04-17 17:25:20,805 hit/miss_cache logger utils.py (line 21) get_order Get order ą 4 from bd (cache_miss)
INFO 2026-04-17 17:36:27,414 hit/miss_cache logger utils.py (line 21) get_order Get order ą 1 from bd (cache_miss)
INFO 2026-04-17 17:36:30,402 hit/miss_cache logger utils.py (line 21) get_order Get order ą 2 from bd (cache_miss)
INFO 2026-04-17 17:36:32,917 hit/miss_cache logger utils.py (line 21) get_order Get order ą 3 from bd (cache_miss)
INFO 2026-04-17 17:36:35,851 hit/miss_cache logger utils.py (line 21) get_order Get order ą 4 from bd (cache_miss)
INFO 2026-04-17 17:43:09,576 hit/miss_cache logger utils.py (line 22) get_product Get product from bd (cache_miss)
INFO 2026-04-17 17:43:11,139 hit/miss_cache logger utils.py (line 22) get_product Get product from bd (cache_miss)
INFO 2026-04-17 17:43:12,721 hit/miss_cache logger utils.py (line 22) get_product Get product from bd (cache_miss)
INFO 2026-04-17 17:43:13,517 hit/miss_cache logger utils.py (line 22) get_product Get product from bd (cache_miss)
INFO 2026-04-17 17:43:15,091 hit/miss_cache logger utils.py (line 22) get_product Get product from bd (cache_miss)
INFO 2026-04-17 17:43:16,672 hit/miss_cache logger utils.py (line 22) get_product Get product from bd (cache_miss)
INFO 2026-04-17 17:43:59,079 hit/miss_cache logger utils.py (line 22) get_product Get product from bd (cache_miss)
INFO 2026-04-17 17:44:00,689 hit/miss_cache logger utils.py (line 22) get_product Get product from bd (cache_miss)
INFO 2026-04-17 17:44:01,501 hit/miss_cache logger utils.py (line 22) get_product Get product from bd (cache_miss)
INFO 2026-04-17 17:44:03,116 hit/miss_cache logger utils.py (line 22) get_product Get product from bd (cache_miss)
INFO 2026-04-17 17:44:05,938 hit/miss_cache logger utils.py (line 22) get_product Get product from bd (cache_miss)
INFO 2026-04-17 17:44:07,586 hit/miss_cache logger utils.py (line 22) get_product Get product from bd (cache_miss)
INFO 2026-04-17 17:44:20,536 hit/miss_cache logger utils.py (line 22) get_product Get product from bd (cache_miss)
INFO 2026-04-17 17:44:22,154 hit/miss_cache logger utils.py (line 22) get_product Get product from bd (cache_miss)
INFO 2026-04-17 17:44:26,140 hit/miss_cache logger utils.py (line 22) get_product Get product from bd (cache_miss)
INFO 2026-04-17 17:44:28,538 hit/miss_cache logger utils.py (line 21) get_order Get order ą 10 from bd (cache_miss)
INFO 2026-04-17 17:44:30,960 hit/miss_cache logger utils.py (line 21) get_order Get order ą 11 from bd (cache_miss)
INFO 2026-04-17 17:44:33,343 hit/miss_cache logger utils.py (line 21) get_order Get order ą 12 from bd (cache_miss)
INFO 2026-04-17 17:44:39,691 hit/miss_cache logger utils.py (line 21) get_order Get order ą 16 from bd (cache_miss)
INFO 2026-04-17 17:44:41,275 hit/miss_cache logger utils.py (line 21) get_order Get order ą 17 from bd (cache_miss)
INFO 2026-04-17 17:44:45,242 hit/miss_cache logger views.py (line 84) get Get product list from bd (cache_miss)
INFO 2026-04-17 17:44:46,834 hit/miss_cache logger views.py (line 84) get Get product list from bd (cache_miss)
INFO 2026-04-17 17:44:50,879 hit/miss_cache logger utils.py (line 22) get_product Get product from bd (cache_miss)
INFO 2026-04-17 17:44:52,474 hit/miss_cache logger utils.py (line 22) get_product Get product from bd (cache_miss)
INFO 2026-04-17 17:44:53,270 hit/miss_cache logger utils.py (line 22) get_product Get product from bd (cache_miss)
INFO 2026-04-17 17:44:54,832 hit/miss_cache logger utils.py (line 22) get_product Get product from bd (cache_miss)
INFO 2026-04-17 17:44:58,898 hit/miss_cache logger views.py (line 224) get Get categories list from bd (cache_miss)
INFO 2026-04-17 17:44:59,666 hit/miss_cache logger views.py (line 224) get Get categories list from bd (cache_miss)
INFO 2026-04-17 17:45:04,418 hit/miss_cache logger utils.py (line 38) get_category Get category from bd (cache_miss)
INFO 2026-04-17 17:45:05,200 hit/miss_cache logger utils.py (line 38) get_category Get category from bd (cache_miss)
INFO 2026-04-17 17:45:06,779 hit/miss_cache logger utils.py (line 38) get_category Get category from bd (cache_miss)
INFO 2026-04-17 17:45:08,354 hit/miss_cache logger utils.py (line 38) get_category Get category from bd (cache_miss)
INFO 2026-04-17 17:45:21,532 hit/miss_cache logger utils.py (line 22) get_product Get product from bd (cache_miss)
INFO 2026-04-17 17:45:23,113 hit/miss_cache logger utils.py (line 22) get_product Get product from bd (cache_miss)
INFO 2026-04-17 17:45:24,673 hit/miss_cache logger utils.py (line 22) get_product Get product from bd (cache_miss)
INFO 2026-04-17 17:45:26,231 hit/miss_cache logger utils.py (line 22) get_product Get product from bd (cache_miss)
INFO 2026-04-17 17:45:27,783 hit/miss_cache logger utils.py (line 22) get_product Get product from bd (cache_miss)
INFO 2026-04-17 18:16:58,526 hit/miss_cache logger utils.py (line 22) get_product Get product from bd (cache_miss)
INFO 2026-04-17 18:17:00,097 hit/miss_cache logger utils.py (line 22) get_product Get product from bd (cache_miss)
INFO 2026-04-17 18:17:01,565 hit/miss_cache logger utils.py (line 22) get_product Get product from bd (cache_miss)
INFO 2026-04-17 18:17:03,050 hit/miss_cache logger utils.py (line 22) get_product Get product from bd (cache_miss)
INFO 2026-04-17 18:17:04,542 hit/miss_cache logger utils.py (line 22) get_product Get product from bd (cache_miss)
INFO 2026-04-17 18:17:47,417 hit/miss_cache logger utils.py (line 22) get_product Get product from bd (cache_miss)
INFO 2026-04-17 18:17:49,004 hit/miss_cache logger utils.py (line 22) get_product Get product from bd (cache_miss)
INFO 2026-04-17 18:17:50,539 hit/miss_cache logger utils.py (line 22) get_product Get product from bd (cache_miss)
INFO 2026-04-17 18:17:52,052 hit/miss_cache logger utils.py (line 22) get_product Get product from bd (cache_miss)
INFO 2026-04-17 18:17:53,548 hit/miss_cache logger utils.py (line 22) get_product Get product from bd (cache_miss)
INFO 2026-04-17 18:17:55,041 hit/miss_cache logger utils.py (line 22) get_product Get product from bd (cache_miss)
INFO 2026-04-17 18:17:56,537 hit/miss_cache logger utils.py (line 22) get_product Get product from bd (cache_miss)
INFO 2026-04-17 18:18:31,646 hit/miss_cache logger utils.py (line 22) get_product Get product from bd (cache_miss)
INFO 2026-04-17 18:18:33,160 hit/miss_cache logger utils.py (line 22) get_product Get product from bd (cache_miss)
INFO 2026-04-17 18:18:34,672 hit/miss_cache logger utils.py (line 22) get_product Get product from bd (cache_miss)
INFO 2026-04-17 18:18:35,441 hit/miss_cache logger utils.py (line 22) get_product Get product from bd (cache_miss)
INFO 2026-04-17 18:18:36,920 hit/miss_cache logger utils.py (line 22) get_product Get product from bd (cache_miss)
INFO 2026-04-17 18:18:38,432 hit/miss_cache logger utils.py (line 22) get_product Get product from bd (cache_miss)
INFO 2026-04-17 18:19:18,597 hit/miss_cache logger utils.py (line 22) get_product Get product from bd (cache_miss)
INFO 2026-04-17 18:19:20,098 hit/miss_cache logger utils.py (line 22) get_product Get product from bd (cache_miss)
INFO 2026-04-17 18:19:20,862 hit/miss_cache logger utils.py (line 22) get_product Get product from bd (cache_miss)
INFO 2026-04-17 18:19:22,355 hit/miss_cache logger utils.py (line 22) get_product Get product from bd (cache_miss)
INFO 2026-04-17 18:19:24,595 hit/miss_cache logger utils.py (line 22) get_product Get product from bd (cache_miss)
INFO 2026-04-17 18:19:26,094 hit/miss_cache logger utils.py (line 22) get_product Get product from bd (cache_miss)
INFO 2026-04-17 18:19:38,035 hit/miss_cache logger utils.py (line 22) get_product Get product from bd (cache_miss)
INFO 2026-04-17 18:19:39,560 hit/miss_cache logger utils.py (line 22) get_product Get product from bd (cache_miss)
INFO 2026-04-17 18:19:43,343 hit/miss_cache logger utils.py (line 22) get_product Get product from bd (cache_miss)
INFO 2026-04-17 18:19:45,588 hit/miss_cache logger utils.py (line 21) get_order Get order ą 10 from bd (cache_miss)
INFO 2026-04-17 18:19:47,805 hit/miss_cache logger utils.py (line 21) get_order Get order ą 11 from bd (cache_miss)
INFO 2026-04-17 18:19:50,034 hit/miss_cache logger utils.py (line 21) get_order Get order ą 12 from bd (cache_miss)
INFO 2026-04-17 18:19:56,002 hit/miss_cache logger utils.py (line 21) get_order Get order ą 16 from bd (cache_miss)
INFO 2026-04-17 18:19:57,501 hit/miss_cache logger utils.py (line 21) get_order Get order ą 17 from bd (cache_miss)
INFO 2026-04-17 18:20:01,305 hit/miss_cache logger views.py (line 84) get Get product list from bd (cache_miss)
INFO 2026-04-17 18:20:02,832 hit/miss_cache logger views.py (line 84) get Get product list from bd (cache_miss)
INFO 2026-04-17 18:20:06,700 hit/miss_cache logger utils.py (line 22) get_product Get product from bd (cache_miss)
INFO 2026-04-17 18:20:08,208 hit/miss_cache logger utils.py (line 22) get_product Get product from bd (cache_miss)
INFO 2026-04-17 18:20:08,972 hit/miss_cache logger utils.py (line 22) get_product Get product from bd (cache_miss)
INFO 2026-04-17 18:20:10,509 hit/miss_cache logger utils.py (line 22) get_product Get product from bd (cache_miss)
INFO 2026-04-17 18:20:14,386 hit/miss_cache logger views.py (line 224) get Get categories list from bd (cache_miss)
INFO 2026-04-17 18:20:15,140 hit/miss_cache logger views.py (line 224) get Get categories list from bd (cache_miss)
INFO 2026-04-17 18:20:19,664 hit/miss_cache logger utils.py (line 38) get_category Get category from bd (cache_miss)
INFO 2026-04-17 18:20:20,415 hit/miss_cache logger utils.py (line 38) get_category Get category from bd (cache_miss)
INFO 2026-04-17 18:20:21,914 hit/miss_cache logger utils.py (line 38) get_category Get category from bd (cache_miss)
INFO 2026-04-17 18:20:23,427 hit/miss_cache logger utils.py (line 38) get_category Get category from bd (cache_miss)
INFO 2026-04-17 18:20:32,450 hit/miss_cache logger utils.py (line 22) get_product Get product from bd (cache_miss)
INFO 2026-04-17 18:20:33,972 hit/miss_cache logger utils.py (line 22) get_product Get product from bd (cache_miss)
INFO 2026-04-17 18:20:35,465 hit/miss_cache logger utils.py (line 22) get_product Get product from bd (cache_miss)
INFO 2026-04-17 18:20:37,000 hit/miss_cache logger utils.py (line 22) get_product Get product from bd (cache_miss)
INFO 2026-04-17 18:20:38,506 hit/miss_cache logger utils.py (line 22) get_product Get product from bd (cache_miss)
INFO 2026-04-17 18:20:40,025 hit/miss_cache logger utils.py (line 22) get_product Get product from bd (cache_miss)
INFO 2026-04-17 18:20:41,551 hit/miss_cache logger utils.py (line 22) get_product Get product from bd (cache_miss)
INFO 2026-04-19 22:42:51,342 hit/miss_cache logger utils.py (line 22) get_product Get product from bd (cache_miss)
INFO 2026-04-19 22:42:52,864 hit/miss_cache logger utils.py (line 22) get_product Get product from bd (cache_miss)
INFO 2026-04-19 22:42:54,379 hit/miss_cache logger utils.py (line 22) get_product Get product from bd (cache_miss)
INFO 2026-04-19 22:42:55,151 hit/miss_cache logger utils.py (line 22) get_product Get product from bd (cache_miss)
INFO 2026-04-19 22:42:56,674 hit/miss_cache logger utils.py (line 22) get_product Get product from bd (cache_miss)
INFO 2026-04-19 22:42:58,179 hit/miss_cache logger utils.py (line 22) get_product Get product from bd (cache_miss)
INFO 2026-04-19 22:43:39,227 hit/miss_cache logger utils.py (line 22) get_product Get product from bd (cache_miss)
INFO 2026-04-19 22:43:40,748 hit/miss_cache logger utils.py (line 22) get_product Get product from bd (cache_miss)
INFO 2026-04-19 22:43:41,543 hit/miss_cache logger utils.py (line 22) get_product Get product from bd (cache_miss)
INFO 2026-04-19 22:43:43,092 hit/miss_cache logger utils.py (line 22) get_product Get product from bd (cache_miss)
INFO 2026-04-19 22:43:45,366 hit/miss_cache logger utils.py (line 22) get_product Get product from bd (cache_miss)
INFO 2026-04-19 22:43:46,935 hit/miss_cache logger utils.py (line 22) get_product Get product from bd (cache_miss)
INFO 2026-04-19 22:43:59,138 hit/miss_cache logger utils.py (line 22) get_product Get product from bd (cache_miss)
INFO 2026-04-19 22:44:00,730 hit/miss_cache logger utils.py (line 22) get_product Get product from bd (cache_miss)
INFO 2026-04-19 22:44:04,594 hit/miss_cache logger utils.py (line 22) get_product Get product from bd (cache_miss)
INFO 2026-04-19 22:44:06,899 hit/miss_cache logger utils.py (line 21) get_order Get order ą 10 from bd (cache_miss)
INFO 2026-04-19 22:44:09,177 hit/miss_cache logger utils.py (line 21) get_order Get order ą 11 from bd (cache_miss)
INFO 2026-04-19 22:44:11,468 hit/miss_cache logger utils.py (line 21) get_order Get order ą 12 from bd (cache_miss)
INFO 2026-04-19 22:44:17,599 hit/miss_cache logger utils.py (line 21) get_order Get order ą 16 from bd (cache_miss)
INFO 2026-04-19 22:44:19,124 hit/miss_cache logger utils.py (line 21) get_order Get order ą 17 from bd (cache_miss)
INFO 2026-04-19 22:44:23,002 hit/miss_cache logger views.py (line 84) get Get product list from bd (cache_miss)
INFO 2026-04-19 22:44:24,575 hit/miss_cache logger views.py (line 84) get Get product list from bd (cache_miss)
INFO 2026-04-19 22:44:28,520 hit/miss_cache logger utils.py (line 22) get_product Get product from bd (cache_miss)
INFO 2026-04-19 22:44:30,070 hit/miss_cache logger utils.py (line 22) get_product Get product from bd (cache_miss)
INFO 2026-04-19 22:44:30,847 hit/miss_cache logger utils.py (line 22) get_product Get product from bd (cache_miss)
INFO 2026-04-19 22:44:32,381 hit/miss_cache logger utils.py (line 22) get_product Get product from bd (cache_miss)
INFO 2026-04-19 22:44:36,358 hit/miss_cache logger views.py (line 224) get Get categories list from bd (cache_miss)
INFO 2026-04-19 22:44:37,130 hit/miss_cache logger views.py (line 224) get Get categories list from bd (cache_miss)
INFO 2026-04-19 22:44:41,778 hit/miss_cache logger utils.py (line 38) get_category Get category from bd (cache_miss)
INFO 2026-04-19 22:44:42,561 hit/miss_cache logger utils.py (line 38) get_category Get category from bd (cache_miss)
INFO 2026-04-19 22:44:44,096 hit/miss_cache logger utils.py (line 38) get_category Get category from bd (cache_miss)
INFO 2026-04-19 22:44:45,642 hit/miss_cache logger utils.py (line 38) get_category Get category from bd (cache_miss)
INFO 2026-04-19 22:44:54,884 hit/miss_cache logger utils.py (line 22) get_product Get product from bd (cache_miss)
INFO 2026-04-19 22:44:56,432 hit/miss_cache logger utils.py (line 22) get_product Get product from bd (cache_miss)
INFO 2026-04-19 22:44:57,968 hit/miss_cache logger utils.py (line 22) get_product Get product from bd (cache_miss)
INFO 2026-04-19 22:44:59,556 hit/miss_cache logger utils.py (line 22) get_product Get product from bd (cache_miss)
INFO 2026-04-19 22:45:01,107 hit/miss_cache logger utils.py (line 22) get_product Get product from bd (cache_miss)
INFO 2026-04-19 22:45:02,662 hit/miss_cache logger utils.py (line 22) get_product Get product from bd (cache_miss)
INFO 2026-04-19 22:45:04,203 hit/miss_cache logger utils.py (line 22) get_product Get product from bd (cache_miss)
