
INFO 2025-10-08 01:08:37,603 django.utils.autoreload autoreload.py (line 667) run_with_reloader Watching for file changes with StatReloader
INFO 2025-10-08 01:08:46,833 hit/miss_cache logger views.py (line 48) get Get product list from cache (cache_hit)
ERROR 2025-10-08 01:08:46,857 django.request log.py (line 248) log_response Internal Server Error: /api/products/
INFO 2025-10-08 01:10:10,381 django.utils.autoreload autoreload.py (line 667) run_with_reloader Watching for file changes with StatReloader
ERROR 2025-10-08 01:10:18,019 django.request log.py (line 248) log_response Internal Server Error: /api/products/
Traceback (most recent call last):
  File "D:\exam\Lib\site-packages\django\core\handlers\exception.py", line 55, in inner
    response = get_response(request)
               ^^^^^^^^^^^^^^^^^^^^^
  File "D:\exam\Lib\site-packages\django\core\handlers\base.py", line 197, in _get_response
    response = wrapped_callback(request, *callback_args, **callback_kwargs)
               ^^^^^^^^^^^^^^^^^^^^^^^^^^^^^^^^^^^^^^^^^^^^^^^^^^^^^^^^^^^^
  File "D:\exam\Lib\site-packages\django\views\decorators\csrf.py", line 65, in _view_wrapper
    return view_func(request, *args, **kwargs)
           ^^^^^^^^^^^^^^^^^^^^^^^^^^^^^^^^^^^
  File "D:\exam\Lib\site-packages\django\views\generic\base.py", line 104, in view
    return self.dispatch(request, *args, **kwargs)
           ^^^^^^^^^^^^^^^^^^^^^^^^^^^^^^^^^^^^^^^
  File "D:\exam\Lib\site-packages\rest_framework\views.py", line 515, in dispatch
    response = self.handle_exception(exc)
               ^^^^^^^^^^^^^^^^^^^^^^^^^^
  File "D:\exam\Lib\site-packages\rest_framework\views.py", line 475, in handle_exception
    self.raise_uncaught_exception(exc)
  File "D:\exam\Lib\site-packages\rest_framework\views.py", line 486, in raise_uncaught_exception
    raise exc
  File "D:\exam\Lib\site-packages\rest_framework\views.py", line 512, in dispatch
    response = handler(request, *args, **kwargs)
               ^^^^^^^^^^^^^^^^^^^^^^^^^^^^^^^^^
  File "D:\PycharmProjects\Test_task\products\views.py", line 47, in get
    filterset = ProductFilter(request.query_params, queryset=products)
                ^^^^^^^^^^^^^^^^^^^^^^^^^^^^^^^^^^^^^^^^^^^^^^^^^^^^^^
  File "D:\exam\Lib\site-packages\django_filters\filterset.py", line 196, in __init__
    model = queryset.model
            ^^^^^^^^^^^^^^
AttributeError: 'list' object has no attribute 'model'
INFO 2025-10-08 01:11:03,539 django.utils.autoreload autoreload.py (line 265) trigger_reload D:\PycharmProjects\Test_task\products\views.py changed, reloading.
INFO 2025-10-08 01:11:04,764 django.utils.autoreload autoreload.py (line 667) run_with_reloader Watching for file changes with StatReloader
INFO 2025-10-08 01:13:13,956 django.utils.autoreload autoreload.py (line 265) trigger_reload D:\PycharmProjects\Test_task\products\views.py changed, reloading.
INFO 2025-10-08 01:13:15,200 django.utils.autoreload autoreload.py (line 667) run_with_reloader Watching for file changes with StatReloader
INFO 2025-10-08 01:14:26,895 django.utils.autoreload autoreload.py (line 667) run_with_reloader Watching for file changes with StatReloader
INFO 2025-10-08 01:14:41,426 hit/miss_cache logger views.py (line 45) get Get product list from bd (cache_miss)
INFO 2025-10-08 01:14:43,215 hit/miss_cache logger views.py (line 49) get Get product list from cache (cache_hit)
INFO 2025-10-08 01:14:57,085 hit/miss_cache logger views.py (line 103) get_object Get product 3 from cache (cache_hit)
INFO 2025-10-08 01:14:57,086 products.views views.py (line 122) get оНКЭГНБЮРЕКЭ СЯОЕЬМН ОНКСВХК ХМТНПЛЮЖХЧ Н РНБЮПЕ: 3
INFO 2025-10-08 01:15:54,670 hit/miss_cache logger views.py (line 123) get_object Get order ╧ 22 from bd (cache_miss)
INFO 2025-10-08 01:15:54,670 orders.views views.py (line 139) get оНКЭГНБЮРЕКЭ: AndreyProgger СЯОЕЬМН ОНКСВХК ХМТНПЛЮЖХЧ Н ГЮЙЮГЕ ╧ 22
INFO 2025-10-08 01:15:55,996 hit/miss_cache logger views.py (line 119) get_object Get order ╧ 22 from cache (cache_hit)
INFO 2025-10-08 01:15:55,997 orders.views views.py (line 139) get оНКЭГНБЮРЕКЭ: AndreyProgger СЯОЕЬМН ОНКСВХК ХМТНПЛЮЖХЧ Н ГЮЙЮГЕ ╧ 22
